{"/data/Documents/Site web/breadboard/lib/index.js":{"path":"/data/Documents/Site web/breadboard/lib/index.js","s":{"1":1,"2":1},"b":{},"f":{},"fnMap":{},"statementMap":{"1":{"start":{"line":1,"column":0},"end":{"line":1,"column":29}},"2":{"start":{"line":2,"column":0},"end":{"line":2,"column":41}}},"branchMap":{}},"/data/Documents/Site web/breadboard/lib/breadboard.js":{"path":"/data/Documents/Site web/breadboard/lib/breadboard.js","s":{"1":1,"2":1,"3":7,"4":7,"5":7,"6":7,"7":7,"8":1,"9":1,"10":15,"11":1,"12":14,"13":11,"14":11,"15":3,"16":2,"17":1,"18":1,"19":4,"20":1,"21":3,"22":3,"23":1,"24":1,"25":3,"26":1,"27":1,"28":3,"29":1,"30":10,"31":9,"32":1,"33":1,"34":8,"35":7,"36":1,"37":1,"38":8,"39":8,"40":12,"41":12,"42":12,"43":12,"44":2,"45":2,"46":1,"47":1,"48":1,"49":1,"50":10,"51":10,"52":10,"53":11,"54":11,"55":11,"56":7,"57":11,"58":11,"59":5,"60":1,"61":1},"b":{"1":[1,14],"2":[11,3],"3":[2,1],"4":[1,3],"5":[1,2],"6":[1,2],"7":[9,1],"8":[7,1],"9":[12,0],"10":[2,10],"11":[1,1],"12":[11,0],"13":[11,0]},"f":{"1":7,"2":15,"3":4,"4":10,"5":8,"6":8},"fnMap":{"1":{"name":"Breadboard","line":10,"loc":{"start":{"line":10,"column":0},"end":{"line":10,"column":22}}},"2":{"name":"(anonymous_2)","line":31,"loc":{"start":{"line":31,"column":27},"end":{"line":31,"column":53}}},"3":{"name":"(anonymous_3)","line":51,"loc":{"start":{"line":51,"column":30},"end":{"line":51,"column":45}}},"4":{"name":"(anonymous_4)","line":75,"loc":{"start":{"line":75,"column":27},"end":{"line":75,"column":47}}},"5":{"name":"(anonymous_5)","line":88,"loc":{"start":{"line":88,"column":27},"end":{"line":88,"column":47}}},"6":{"name":"(anonymous_6)","line":102,"loc":{"start":{"line":102,"column":28},"end":{"line":102,"column":39}}}},"statementMap":{"1":{"start":{"line":1,"column":0},"end":{"line":2,"column":27}},"2":{"start":{"line":10,"column":0},"end":{"line":18,"column":1}},"3":{"start":{"line":11,"column":4},"end":{"line":11,"column":25}},"4":{"start":{"line":12,"column":4},"end":{"line":12,"column":22}},"5":{"start":{"line":13,"column":4},"end":{"line":13,"column":28}},"6":{"start":{"line":15,"column":4},"end":{"line":15,"column":54}},"7":{"start":{"line":17,"column":4},"end":{"line":17,"column":11}},"8":{"start":{"line":20,"column":0},"end":{"line":20,"column":40}},"9":{"start":{"line":31,"column":0},"end":{"line":44,"column":2}},"10":{"start":{"line":32,"column":4},"end":{"line":43,"column":5}},"11":{"start":{"line":33,"column":8},"end":{"line":33,"column":40}},"12":{"start":{"line":35,"column":8},"end":{"line":42,"column":9}},"13":{"start":{"line":36,"column":12},"end":{"line":36,"column":40}},"14":{"start":{"line":37,"column":12},"end":{"line":37,"column":43}},"15":{"start":{"line":38,"column":15},"end":{"line":42,"column":9}},"16":{"start":{"line":39,"column":12},"end":{"line":39,"column":43}},"17":{"start":{"line":41,"column":12},"end":{"line":41,"column":53}},"18":{"start":{"line":51,"column":0},"end":{"line":67,"column":2}},"19":{"start":{"line":52,"column":4},"end":{"line":66,"column":5}},"20":{"start":{"line":53,"column":8},"end":{"line":53,"column":21}},"21":{"start":{"line":55,"column":8},"end":{"line":55,"column":24}},"22":{"start":{"line":56,"column":8},"end":{"line":59,"column":9}},"23":{"start":{"line":57,"column":12},"end":{"line":57,"column":38}},"24":{"start":{"line":58,"column":12},"end":{"line":58,"column":23}},"25":{"start":{"line":60,"column":8},"end":{"line":63,"column":9}},"26":{"start":{"line":61,"column":12},"end":{"line":61,"column":41}},"27":{"start":{"line":62,"column":12},"end":{"line":62,"column":23}},"28":{"start":{"line":65,"column":8},"end":{"line":65,"column":19}},"29":{"start":{"line":75,"column":0},"end":{"line":81,"column":2}},"30":{"start":{"line":76,"column":4},"end":{"line":80,"column":5}},"31":{"start":{"line":77,"column":8},"end":{"line":77,"column":42}},"32":{"start":{"line":79,"column":8},"end":{"line":79,"column":15}},"33":{"start":{"line":88,"column":0},"end":{"line":93,"column":2}},"34":{"start":{"line":89,"column":4},"end":{"line":92,"column":21}},"35":{"start":{"line":90,"column":8},"end":{"line":90,"column":58}},"36":{"start":{"line":92,"column":8},"end":{"line":92,"column":21}},"37":{"start":{"line":102,"column":0},"end":{"line":149,"column":2}},"38":{"start":{"line":103,"column":4},"end":{"line":103,"column":30}},"39":{"start":{"line":104,"column":4},"end":{"line":134,"column":5}},"40":{"start":{"line":105,"column":8},"end":{"line":105,"column":38}},"41":{"start":{"line":106,"column":8},"end":{"line":133,"column":9}},"42":{"start":{"line":107,"column":12},"end":{"line":107,"column":30}},"43":{"start":{"line":108,"column":12},"end":{"line":121,"column":13}},"44":{"start":{"line":109,"column":16},"end":{"line":109,"column":39}},"45":{"start":{"line":110,"column":16},"end":{"line":116,"column":17}},"46":{"start":{"line":111,"column":20},"end":{"line":111,"column":54}},"47":{"start":{"line":112,"column":20},"end":{"line":112,"column":46}},"48":{"start":{"line":113,"column":20},"end":{"line":113,"column":33}},"49":{"start":{"line":115,"column":20},"end":{"line":115,"column":96}},"50":{"start":{"line":118,"column":16},"end":{"line":118,"column":45}},"51":{"start":{"line":119,"column":16},"end":{"line":119,"column":42}},"52":{"start":{"line":120,"column":16},"end":{"line":120,"column":29}},"53":{"start":{"line":122,"column":12},"end":{"line":132,"column":13}},"54":{"start":{"line":130,"column":16},"end":{"line":130,"column":69}},"55":{"start":{"line":131,"column":16},"end":{"line":131,"column":44}},"56":{"start":{"line":136,"column":4},"end":{"line":140,"column":5}},"57":{"start":{"line":137,"column":8},"end":{"line":139,"column":9}},"58":{"start":{"line":138,"column":12},"end":{"line":138,"column":69}},"59":{"start":{"line":148,"column":4},"end":{"line":148,"column":52}},"60":{"start":{"line":151,"column":0},"end":{"line":151,"column":46}},"61":{"start":{"line":153,"column":0},"end":{"line":153,"column":28}}},"branchMap":{"1":{"line":32,"type":"if","locations":[{"start":{"line":32,"column":4},"end":{"line":32,"column":4}},{"start":{"line":32,"column":4},"end":{"line":32,"column":4}}]},"2":{"line":35,"type":"if","locations":[{"start":{"line":35,"column":8},"end":{"line":35,"column":8}},{"start":{"line":35,"column":8},"end":{"line":35,"column":8}}]},"3":{"line":38,"type":"if","locations":[{"start":{"line":38,"column":15},"end":{"line":38,"column":15}},{"start":{"line":38,"column":15},"end":{"line":38,"column":15}}]},"4":{"line":52,"type":"if","locations":[{"start":{"line":52,"column":4},"end":{"line":52,"column":4}},{"start":{"line":52,"column":4},"end":{"line":52,"column":4}}]},"5":{"line":56,"type":"if","locations":[{"start":{"line":56,"column":8},"end":{"line":56,"column":8}},{"start":{"line":56,"column":8},"end":{"line":56,"column":8}}]},"6":{"line":60,"type":"if","locations":[{"start":{"line":60,"column":8},"end":{"line":60,"column":8}},{"start":{"line":60,"column":8},"end":{"line":60,"column":8}}]},"7":{"line":76,"type":"if","locations":[{"start":{"line":76,"column":4},"end":{"line":76,"column":4}},{"start":{"line":76,"column":4},"end":{"line":76,"column":4}}]},"8":{"line":89,"type":"if","locations":[{"start":{"line":89,"column":4},"end":{"line":89,"column":4}},{"start":{"line":89,"column":4},"end":{"line":89,"column":4}}]},"9":{"line":106,"type":"if","locations":[{"start":{"line":106,"column":8},"end":{"line":106,"column":8}},{"start":{"line":106,"column":8},"end":{"line":106,"column":8}}]},"10":{"line":108,"type":"if","locations":[{"start":{"line":108,"column":12},"end":{"line":108,"column":12}},{"start":{"line":108,"column":12},"end":{"line":108,"column":12}}]},"11":{"line":110,"type":"if","locations":[{"start":{"line":110,"column":16},"end":{"line":110,"column":16}},{"start":{"line":110,"column":16},"end":{"line":110,"column":16}}]},"12":{"line":122,"type":"if","locations":[{"start":{"line":122,"column":12},"end":{"line":122,"column":12}},{"start":{"line":122,"column":12},"end":{"line":122,"column":12}}]},"13":{"line":137,"type":"if","locations":[{"start":{"line":137,"column":8},"end":{"line":137,"column":8}},{"start":{"line":137,"column":8},"end":{"line":137,"column":8}}]}}},"/data/Documents/Site web/breadboard/lib/component.js":{"path":"/data/Documents/Site web/breadboard/lib/component.js","s":{"1":1,"2":1,"3":18,"4":18,"5":18,"6":18,"7":9,"8":10,"9":1,"10":1,"11":18,"12":18,"13":8,"14":8,"15":18,"16":18,"17":18,"18":1,"19":11,"20":6,"21":6,"22":5,"23":4,"24":1,"25":1,"26":9,"27":9,"28":1},"b":{"1":[18,0],"2":[9,9],"3":[8,10],"4":[6,0],"5":[5,1],"6":[4,1]},"f":{"1":18,"2":10,"3":18,"4":11},"fnMap":{"1":{"name":"Component","line":10,"loc":{"start":{"line":10,"column":0},"end":{"line":10,"column":33}}},"2":{"name":"(anonymous_2)","line":20,"loc":{"start":{"line":20,"column":33},"end":{"line":20,"column":48}}},"3":{"name":"(anonymous_3)","line":34,"loc":{"start":{"line":34,"column":16},"end":{"line":34,"column":48}}},"4":{"name":"(anonymous_4)","line":57,"loc":{"start":{"line":57,"column":11},"end":{"line":57,"column":22}}}},"statementMap":{"1":{"start":{"line":1,"column":0},"end":{"line":2,"column":27}},"2":{"start":{"line":10,"column":0},"end":{"line":23,"column":1}},"3":{"start":{"line":11,"column":4},"end":{"line":14,"column":6}},"4":{"start":{"line":16,"column":4},"end":{"line":16,"column":20}},"5":{"start":{"line":18,"column":4},"end":{"line":22,"column":15}},"6":{"start":{"line":19,"column":8},"end":{"line":22,"column":15}},"7":{"start":{"line":20,"column":12},"end":{"line":22,"column":15}},"8":{"start":{"line":21,"column":16},"end":{"line":21,"column":58}},"9":{"start":{"line":25,"column":0},"end":{"line":25,"column":39}},"10":{"start":{"line":34,"column":0},"end":{"line":45,"column":2}},"11":{"start":{"line":35,"column":4},"end":{"line":35,"column":12}},"12":{"start":{"line":37,"column":4},"end":{"line":40,"column":5}},"13":{"start":{"line":38,"column":8},"end":{"line":38,"column":31}},"14":{"start":{"line":39,"column":8},"end":{"line":39,"column":26}},"15":{"start":{"line":42,"column":4},"end":{"line":42,"column":38}},"16":{"start":{"line":43,"column":4},"end":{"line":43,"column":27}},"17":{"start":{"line":44,"column":4},"end":{"line":44,"column":15}},"18":{"start":{"line":54,"column":0},"end":{"line":83,"column":3}},"19":{"start":{"line":58,"column":8},"end":{"line":71,"column":9}},"20":{"start":{"line":59,"column":12},"end":{"line":70,"column":13}},"21":{"start":{"line":60,"column":16},"end":{"line":69,"column":17}},"22":{"start":{"line":61,"column":20},"end":{"line":66,"column":21}},"23":{"start":{"line":62,"column":24},"end":{"line":63,"column":55}},"24":{"start":{"line":65,"column":24},"end":{"line":65,"column":70}},"25":{"start":{"line":68,"column":20},"end":{"line":68,"column":74}},"26":{"start":{"line":79,"column":8},"end":{"line":79,"column":66}},"27":{"start":{"line":81,"column":8},"end":{"line":81,"column":20}},"28":{"start":{"line":85,"column":0},"end":{"line":85,"column":27}}},"branchMap":{"1":{"line":18,"type":"if","locations":[{"start":{"line":18,"column":4},"end":{"line":18,"column":4}},{"start":{"line":18,"column":4},"end":{"line":18,"column":4}}]},"2":{"line":19,"type":"if","locations":[{"start":{"line":19,"column":8},"end":{"line":19,"column":8}},{"start":{"line":19,"column":8},"end":{"line":19,"column":8}}]},"3":{"line":37,"type":"if","locations":[{"start":{"line":37,"column":4},"end":{"line":37,"column":4}},{"start":{"line":37,"column":4},"end":{"line":37,"column":4}}]},"4":{"line":59,"type":"if","locations":[{"start":{"line":59,"column":12},"end":{"line":59,"column":12}},{"start":{"line":59,"column":12},"end":{"line":59,"column":12}}]},"5":{"line":60,"type":"if","locations":[{"start":{"line":60,"column":16},"end":{"line":60,"column":16}},{"start":{"line":60,"column":16},"end":{"line":60,"column":16}}]},"6":{"line":61,"type":"if","locations":[{"start":{"line":61,"column":20},"end":{"line":61,"column":20}},{"start":{"line":61,"column":20},"end":{"line":61,"column":20}}]}}}}