TN:
SF:/data/Documents/Site web/breadboard/lib/index.js
FNF:0
FNH:0
DA:1,1
DA:2,1
LF:2
LH:2
BRF:0
BRH:0
end_of_record
TN:
SF:/data/Documents/Site web/breadboard/lib/breadboard.js
FN:10,Breadboard
FN:31,(anonymous_2)
FN:51,(anonymous_3)
FN:75,(anonymous_4)
FN:88,(anonymous_5)
FN:102,(anonymous_6)
FNF:6
FNH:6
FNDA:7,Breadboard
FNDA:15,(anonymous_2)
FNDA:4,(anonymous_3)
FNDA:10,(anonymous_4)
FNDA:8,(anonymous_5)
FNDA:8,(anonymous_6)
DA:1,1
DA:10,1
DA:11,7
DA:12,7
DA:13,7
DA:15,7
DA:17,7
DA:20,1
DA:31,1
DA:32,15
DA:33,1
DA:35,14
DA:36,11
DA:37,11
DA:38,3
DA:39,2
DA:41,1
DA:51,1
DA:52,4
DA:53,1
DA:55,3
DA:56,3
DA:57,1
DA:58,1
DA:60,3
DA:61,1
DA:62,1
DA:65,3
DA:75,1
DA:76,10
DA:77,9
DA:79,1
DA:88,1
DA:89,8
DA:90,7
DA:92,1
DA:102,1
DA:103,8
DA:104,8
DA:105,12
DA:106,12
DA:107,12
DA:108,12
DA:109,2
DA:110,2
DA:111,1
DA:112,1
DA:113,1
DA:115,1
DA:118,10
DA:119,10
DA:120,10
DA:122,11
DA:130,11
DA:131,11
DA:136,7
DA:137,11
DA:138,11
DA:148,5
DA:151,1
DA:153,1
LF:61
LH:61
BRDA:32,1,0,1
BRDA:32,1,1,14
BRDA:35,2,0,11
BRDA:35,2,1,3
BRDA:38,3,0,2
BRDA:38,3,1,1
BRDA:52,4,0,1
BRDA:52,4,1,3
BRDA:56,5,0,1
BRDA:56,5,1,2
BRDA:60,6,0,1
BRDA:60,6,1,2
BRDA:76,7,0,9
BRDA:76,7,1,1
BRDA:89,8,0,7
BRDA:89,8,1,1
BRDA:106,9,0,12
BRDA:106,9,1,0
BRDA:108,10,0,2
BRDA:108,10,1,10
BRDA:110,11,0,1
BRDA:110,11,1,1
BRDA:122,12,0,11
BRDA:122,12,1,0
BRDA:137,13,0,11
BRDA:137,13,1,0
BRF:26
BRH:23
end_of_record
TN:
SF:/data/Documents/Site web/breadboard/lib/component.js
FN:10,Component
FN:20,(anonymous_2)
FN:34,(anonymous_3)
FN:57,(anonymous_4)
FNF:4
FNH:4
FNDA:18,Component
FNDA:10,(anonymous_2)
FNDA:18,(anonymous_3)
FNDA:11,(anonymous_4)
DA:1,1
DA:10,1
DA:11,18
DA:16,18
DA:18,18
DA:19,18
DA:20,9
DA:21,10
DA:25,1
DA:34,1
DA:35,18
DA:37,18
DA:38,8
DA:39,8
DA:42,18
DA:43,18
DA:44,18
DA:54,1
DA:58,11
DA:59,6
DA:60,6
DA:61,5
DA:62,4
DA:65,1
DA:68,1
DA:79,9
DA:81,9
DA:85,1
LF:28
LH:28
BRDA:18,1,0,18
BRDA:18,1,1,0
BRDA:19,2,0,9
BRDA:19,2,1,9
BRDA:37,3,0,8
BRDA:37,3,1,10
BRDA:59,4,0,6
BRDA:59,4,1,0
BRDA:60,5,0,5
BRDA:60,5,1,1
BRDA:61,6,0,4
BRDA:61,6,1,1
BRF:12
BRH:10
end_of_record
